<?xml version="1.0" encoding="UTF-8"?>
<!-- Generated by org.testng.reporters.JUnitXMLReporter -->
<testsuite ignored="0" hostname="LAPTOP-ISQ7MUIO" failures="0" tests="3" name="Test" time="19.121" errors="0" timestamp="09 Sep 2020 11:17:58 GMT">
  <testcase classname="tests.LoginPageTest" name="verifyLoginPageTitle" time="0.066"/>
  <testcase classname="tests.LoginPageTest" name="loginAsAdminWithINCorrectCreds" time="4.645"/>
  <testcase classname="tests.LoginPageTest" name="loginAsAdminWithCorrectCreds" time="6.33"/>
</testsuite> <!-- Test -->
