<?xml version="1.0" encoding="UTF-8"?>
<testng-results ignored="0" total="4" passed="4" failed="0" skipped="0">
  <reporter-output>
  </reporter-output>
  <suite started-at="2020-09-09T11:17:39Z" name="Suite" finished-at="2020-09-09T11:18:14Z" duration-ms="34878">
    <groups>
    </groups>
    <test started-at="2020-09-09T11:17:39Z" name="Test" finished-at="2020-09-09T11:17:58Z" duration-ms="19121">
      <class name="tests.LoginPageTest">
        <test-method is-config="true" signature="setup()[pri:0, instance:tests.LoginPageTest@43599640]" started-at="2020-09-09T11:17:39Z" name="setup" finished-at="2020-09-09T11:17:47Z" duration-ms="7983" status="PASS">
          <reporter-output>
          </reporter-output>
        </test-method> <!-- setup -->
        <test-method is-config="true" signature="setupLoginPage()[pri:0, instance:tests.LoginPageTest@43599640]" started-at="2020-09-09T11:17:47Z" name="setupLoginPage" finished-at="2020-09-09T11:17:47Z" depends-on-methods="tests.ParentTest.setup" duration-ms="3" status="PASS">
          <reporter-output>
          </reporter-output>
        </test-method> <!-- setupLoginPage -->
        <test-method signature="verifyLoginPageTitle()[pri:1, instance:tests.LoginPageTest@43599640]" started-at="2020-09-09T11:17:47Z" name="verifyLoginPageTitle" finished-at="2020-09-09T11:17:47Z" duration-ms="66" status="PASS">
          <reporter-output>
          </reporter-output>
        </test-method> <!-- verifyLoginPageTitle -->
        <test-method signature="loginAsAdminWithINCorrectCreds()[pri:2, instance:tests.LoginPageTest@43599640]" started-at="2020-09-09T11:17:47Z" name="loginAsAdminWithINCorrectCreds" finished-at="2020-09-09T11:17:52Z" duration-ms="4645" status="PASS">
          <reporter-output>
          </reporter-output>
        </test-method> <!-- loginAsAdminWithINCorrectCreds -->
        <test-method signature="loginAsAdminWithCorrectCreds()[pri:3, instance:tests.LoginPageTest@43599640]" started-at="2020-09-09T11:17:52Z" name="loginAsAdminWithCorrectCreds" finished-at="2020-09-09T11:17:58Z" duration-ms="6330" status="PASS">
          <reporter-output>
          </reporter-output>
        </test-method> <!-- loginAsAdminWithCorrectCreds -->
        <test-method is-config="true" signature="tearDown()[pri:0, instance:tests.LoginPageTest@43599640]" started-at="2020-09-09T11:17:58Z" name="tearDown" finished-at="2020-09-09T11:17:58Z" duration-ms="71" status="PASS">
          <reporter-output>
          </reporter-output>
        </test-method> <!-- tearDown -->
      </class> <!-- tests.LoginPageTest -->
    </test> <!-- Test -->
    <test started-at="2020-09-09T11:17:58Z" name="test1" finished-at="2020-09-09T11:18:14Z" duration-ms="15696">
      <class name="tests.DashboardPageTest">
        <test-method is-config="true" signature="setup()[pri:0, instance:tests.DashboardPageTest@518caac3]" started-at="2020-09-09T11:17:58Z" name="setup" finished-at="2020-09-09T11:18:06Z" duration-ms="7413" status="PASS">
          <reporter-output>
          </reporter-output>
        </test-method> <!-- setup -->
        <test-method is-config="true" signature="setupDashboardPage()[pri:0, instance:tests.DashboardPageTest@518caac3]" started-at="2020-09-09T11:18:06Z" name="setupDashboardPage" finished-at="2020-09-09T11:18:13Z" depends-on-methods="tests.ParentTest.setup" duration-ms="7026" status="PASS">
          <reporter-output>
          </reporter-output>
        </test-method> <!-- setupDashboardPage -->
        <test-method signature="verifyUserAccountName()[pri:1, instance:tests.DashboardPageTest@518caac3]" started-at="2020-09-09T11:18:13Z" name="verifyUserAccountName" finished-at="2020-09-09T11:18:14Z" duration-ms="1186" status="PASS">
          <reporter-output>
          </reporter-output>
        </test-method> <!-- verifyUserAccountName -->
        <test-method is-config="true" signature="tearDown()[pri:0, instance:tests.DashboardPageTest@518caac3]" started-at="2020-09-09T11:18:14Z" name="tearDown" finished-at="2020-09-09T11:18:14Z" duration-ms="71" status="PASS">
          <reporter-output>
          </reporter-output>
        </test-method> <!-- tearDown -->
      </class> <!-- tests.DashboardPageTest -->
    </test> <!-- test1 -->
  </suite> <!-- Suite -->
</testng-results>
